<?xml version="1.0" encoding="UTF-8"?>
<!-- Generated by org.testng.reporters.JUnitReportReporter -->
<testsuite hostname="DESKTOP-1H799K8" failures="0" tests="1" name="testCases.TC001_AccountRegistration" time="4.730" errors="0" timestamp="2025-02-12T21:59:53 IST" skipped="0">
  <testcase classname="testCases.TC001_AccountRegistration" name="verifyAccountRegistration" time="4.730"/>
</testsuite> <!-- testCases.TC001_AccountRegistration -->
